<?xml version="1.0" encoding="UTF-8"?>
<!-- Generated by org.testng.reporters.JUnitReportReporter -->
<testsuite hostname="DESKTOP-25A8PDA" failures="0" tests="2" name="testScripts.Invaild_login" time="19.935" errors="0" timestamp="2024-03-26T06:53:16 IST" skipped="0">
  <testcase classname="testScripts.Invaild_login" name="setUp" time="8.589"/>
  <testcase classname="testScripts.Invaild_login" name="setUP2" time="11.346"/>
</testsuite> <!-- testScripts.Invaild_login -->
