<?xml version="1.0" encoding="UTF-8"?>
<!-- Generated by org.testng.reporters.JUnitReportReporter -->
<testsuite hostname="DESKTOP-25A8PDA" failures="0" tests="1" name="regressionTestCases2.Verify_theHotelsAsPer_SeletedLocation" time="33.905" errors="0" timestamp="2024-04-04T17:04:11 IST" skipped="0">
  <testcase classname="regressionTestCases2.Verify_theHotelsAsPer_SeletedLocation" name="location_Asper_Hotel" time="33.905"/>
</testsuite> <!-- regressionTestCases2.Verify_theHotelsAsPer_SeletedLocation -->
