<?xml version="1.0" encoding="UTF-8"?>
<!-- Generated by org.testng.reporters.JUnitReportReporter -->
<testsuite hostname="DESKTOP-25A8PDA" failures="0" tests="1" name="regressionTestCases2.ToVerifyCheckoutIsDisplyingOnSelectHotelpage" time="13.007" errors="0" timestamp="2024-04-09T15:48:43 IST" skipped="0">
  <testcase classname="regressionTestCases2.ToVerifyCheckoutIsDisplyingOnSelectHotelpage" name="Verify_TC105" time="13.007"/>
</testsuite> <!-- regressionTestCases2.ToVerifyCheckoutIsDisplyingOnSelectHotelpage -->
