<?xml version="1.0" encoding="UTF-8"?>
<!-- Generated by org.testng.reporters.JUnitReportReporter -->
<testsuite hostname="DESKTOP-25A8PDA" failures="0" tests="1" name="testScripts.ValidateLoginandSearchPage_demo2" time="25.381" errors="0" timestamp="2024-03-31T14:47:27 IST" skipped="0">
  <testcase classname="testScripts.ValidateLoginandSearchPage_demo2" name="validateLogin" time="25.381"/>
</testsuite> <!-- testScripts.ValidateLoginandSearchPage_demo2 -->
