<?xml version="1.0" encoding="UTF-8"?>
<!-- Generated by org.testng.reporters.JUnitReportReporter -->
<testsuite hostname="DESKTOP-25A8PDA" failures="0" tests="2" name="regressionTestCases2.ValidatingTheCheck_In_out_LaterDates" time="42.903" errors="0" timestamp="2024-04-01T16:03:09 IST" skipped="0">
  <testcase classname="regressionTestCases2.ValidatingTheCheck_In_out_LaterDates" name="verify_theCheckinandoutDates" time="20.328"/>
  <testcase classname="regressionTestCases2.ValidatingTheCheck_In_out_LaterDates" name="verify_theCheckinandoutDates1" time="22.575"/>
</testsuite> <!-- regressionTestCases2.ValidatingTheCheck_In_out_LaterDates -->
