<?xml version="1.0" encoding="UTF-8"?>
<!-- Generated by org.testng.reporters.JUnitReportReporter -->
<testsuite hostname="DESKTOP-25A8PDA" failures="0" tests="1" name="regressionTestCases2.VerifyTheRoomTypeInSelect_HotelPage" time="13.848" errors="0" timestamp="2024-04-04T18:06:24 IST" skipped="0">
  <testcase classname="regressionTestCases2.VerifyTheRoomTypeInSelect_HotelPage" name="TC_107" time="13.848"/>
</testsuite> <!-- regressionTestCases2.VerifyTheRoomTypeInSelect_HotelPage -->
