<?xml version="1.0" encoding="UTF-8"?>
<!-- Generated by org.testng.reporters.JUnitReportReporter -->
<testsuite hostname="DESKTOP-25A8PDA" failures="0" tests="1" name="regressionTestCases2.Verify_TitlesOf_AllPages_AdaticHotelApp" time="37.963" errors="0" timestamp="2024-04-10T23:10:19 IST" skipped="0">
  <testcase classname="regressionTestCases2.Verify_TitlesOf_AllPages_AdaticHotelApp" name="TC_119" time="37.963"/>
</testsuite> <!-- regressionTestCases2.Verify_TitlesOf_AllPages_AdaticHotelApp -->
