<?xml version="1.0" encoding="UTF-8"?>
<!-- Generated by org.testng.reporters.JUnitReportReporter -->
<testsuite hostname="DESKTOP-25A8PDA" failures="0" tests="1" name="regressionTestCases2.Verify_the_AlldataIn_selectHotelPage" time="14.047" errors="0" timestamp="2024-04-09T22:14:21 IST" skipped="0">
  <testcase classname="regressionTestCases2.Verify_the_AlldataIn_selectHotelPage" name="verify_TC111" time="14.047"/>
</testsuite> <!-- regressionTestCases2.Verify_the_AlldataIn_selectHotelPage -->
