<?xml version="1.0" encoding="UTF-8"?>
<!-- Generated by org.testng.reporters.JUnitReportReporter -->
<testsuite hostname="DESKTOP-25A8PDA" failures="0" tests="1" name="regressionTestCases2.ToCheckwhetherTheBookedItineraryReflectsInItineraryPage" time="84.037" errors="0" timestamp="2024-04-10T14:30:57 IST" skipped="0">
  <testcase classname="regressionTestCases2.ToCheckwhetherTheBookedItineraryReflectsInItineraryPage" name="TC_116" time="84.037"/>
</testsuite> <!-- regressionTestCases2.ToCheckwhetherTheBookedItineraryReflectsInItineraryPage -->
