<?xml version="1.0" encoding="UTF-8"?>
<!-- Generated by org.testng.reporters.JUnitReportReporter -->
<testsuite hostname="DESKTOP-25A8PDA" failures="0" tests="1" name="regressionTestCases2.Login_page" time="0.056" errors="0" timestamp="2024-03-31T20:19:25 IST" skipped="0">
  <testcase classname="regressionTestCases2.Login_page" name="loginTest" time="0.056"/>
</testsuite> <!-- regressionTestCases2.Login_page -->
