<?xml version="1.0" encoding="UTF-8"?>
<!-- Generated by org.testng.reporters.JUnitReportReporter -->
<testsuite hostname="DESKTOP-25A8PDA" failures="0" tests="1" name="regressionTestCases2.Verify_Whether_DisplayedSameAs_ABookHotelpage" time="34.495" errors="0" timestamp="2024-04-09T23:25:58 IST" skipped="0">
  <testcase classname="regressionTestCases2.Verify_Whether_DisplayedSameAs_ABookHotelpage" name="TC_113" time="34.495"/>
</testsuite> <!-- regressionTestCases2.Verify_Whether_DisplayedSameAs_ABookHotelpage -->
