<?xml version="1.0" encoding="UTF-8"?>
<!-- Generated by org.testng.reporters.JUnitReportReporter -->
<testsuite hostname="DESKTOP-25A8PDA" failures="0" tests="1" name="regressionTestCases2.Verify_price_hotelRoom" time="34.814" errors="0" timestamp="2024-04-09T21:17:59 IST" skipped="0">
  <testcase classname="regressionTestCases2.Verify_price_hotelRoom" name="TC_108" time="34.814"/>
</testsuite> <!-- regressionTestCases2.Verify_price_hotelRoom -->
