<?xml version="1.0" encoding="UTF-8"?>
<!-- Generated by org.testng.reporters.JUnitReportReporter -->
<testsuite hostname="DESKTOP-25A8PDA" failures="0" tests="1" name="testScripts.ValidateLoginWithPOM" time="11.212" errors="0" timestamp="2024-03-30T18:12:40 IST" skipped="0">
  <testcase classname="testScripts.ValidateLoginWithPOM" name="ValidateLogin" time="11.212"/>
</testsuite> <!-- testScripts.ValidateLoginWithPOM -->
