<?xml version="1.0" encoding="UTF-8"?>
<!-- Generated by org.testng.reporters.JUnitReportReporter -->
<testsuite hostname="DESKTOP-25A8PDA" failures="0" tests="1" name="regressionTestCases2.VerifyTotalPriceOfRoomInBookaHotelPage" time="11.312" errors="0" timestamp="2024-04-09T20:02:21 IST" skipped="0">
  <testcase classname="regressionTestCases2.VerifyTotalPriceOfRoomInBookaHotelPage" name="TC_110" time="11.312"/>
</testsuite> <!-- regressionTestCases2.VerifyTotalPriceOfRoomInBookaHotelPage -->
