<?xml version="1.0" encoding="UTF-8"?>
<!-- Generated by org.testng.reporters.JUnitReportReporter -->
<testsuite hostname="DESKTOP-25A8PDA" failures="0" tests="1" name="regressionTestCases2.ToCheckSearchOrderIdQueryIsWorkingandDisplayingTheRelevantdetails" time="18.174" errors="0" timestamp="2024-04-10T15:17:26 IST" skipped="0">
  <testcase classname="regressionTestCases2.ToCheckSearchOrderIdQueryIsWorkingandDisplayingTheRelevantdetails" name="TC_117" time="18.174"/>
</testsuite> <!-- regressionTestCases2.ToCheckSearchOrderIdQueryIsWorkingandDisplayingTheRelevantdetails -->
