<?xml version="1.0" encoding="UTF-8"?>
<!-- Generated by org.testng.reporters.JUnitReportReporter -->
<testsuite hostname="DESKTOP-25A8PDA" failures="0" tests="1" name="regressionTestCases2.Verify_the_Logout" time="8.223" errors="0" timestamp="2024-04-04T18:48:11 IST" skipped="0">
  <testcase classname="regressionTestCases2.Verify_the_Logout" name="TC_109" time="8.223"/>
</testsuite> <!-- regressionTestCases2.Verify_the_Logout -->
