<?xml version="1.0" encoding="UTF-8"?>
<!-- Generated by org.testng.reporters.JUnitReportReporter -->
<testsuite hostname="DESKTOP-25A8PDA" failures="0" tests="1" name="regressionTestCases2.Verify_noofRoomsInSelectHotelPage" time="14.899" errors="0" timestamp="2024-04-09T15:30:16 IST" skipped="0">
  <testcase classname="regressionTestCases2.Verify_noofRoomsInSelectHotelPage" name="TC_106" time="14.899"/>
</testsuite> <!-- regressionTestCases2.Verify_noofRoomsInSelectHotelPage -->
