<?xml version="1.0" encoding="UTF-8"?>
<!-- Generated by org.testng.reporters.JUnitReportReporter -->
<testsuite hostname="DESKTOP-25A8PDA" failures="0" tests="1" name="regressionTestCases2.ToVerifyMyitineraryIsEditbleOrNot" time="46.346" errors="0" timestamp="2024-04-10T13:58:44 IST" skipped="0">
  <testcase classname="regressionTestCases2.ToVerifyMyitineraryIsEditbleOrNot" name="TC_115" time="46.346"/>
</testsuite> <!-- regressionTestCases2.ToVerifyMyitineraryIsEditbleOrNot -->
