<?xml version="1.0" encoding="UTF-8"?>
<!-- Generated by org.testng.reporters.JUnitReportReporter -->
<testsuite hostname="DESKTOP-25A8PDA" failures="0" tests="4" name="testScripts.ValidateloginDeatils" time="55.033" errors="0" timestamp="2024-03-26T11:31:20 IST" skipped="0">
  <testcase classname="testScripts.ValidateloginDeatils" name="ValidLoginDeatils" time="16.836"/>
  <testcase classname="testScripts.ValidateloginDeatils" name="InvalidUsernameandPassword" time="11.776"/>
  <testcase classname="testScripts.ValidateloginDeatils" name="ValidUsernameInvalidPassWord" time="14.889"/>
  <testcase classname="testScripts.ValidateloginDeatils" name="invalidUsernameValidPassword" time="11.532"/>
</testsuite> <!-- testScripts.ValidateloginDeatils -->
