<?xml version="1.0" encoding="UTF-8"?>
<!-- Generated by org.testng.reporters.JUnitReportReporter -->
<testsuite hostname="DESKTOP-25A8PDA" failures="0" tests="1" name="testScripts.ValidateLoginandSearchPage" time="27.880" errors="0" timestamp="2024-03-31T13:33:14 IST" skipped="0">
  <testcase classname="testScripts.ValidateLoginandSearchPage" name="validateLogin" time="27.880"/>
</testsuite> <!-- testScripts.ValidateLoginandSearchPage -->
