<?xml version="1.0" encoding="UTF-8"?>
<!-- Generated by org.testng.reporters.JUnitReportReporter -->
<testsuite hostname="DESKTOP-25A8PDA" failures="0" tests="1" name="regressionTestCases2.VerifytheCheck_in_out_PastDates" time="14.955" errors="0" timestamp="2024-04-04T17:29:17 IST" skipped="0">
  <testcase classname="regressionTestCases2.VerifytheCheck_in_out_PastDates" name="verify_theCheckin_out_past_Dates" time="14.955"/>
</testsuite> <!-- regressionTestCases2.VerifytheCheck_in_out_PastDates -->
