<?xml version="1.0" encoding="UTF-8"?>
<!-- Generated by org.testng.reporters.JUnitReportReporter -->
<testsuite hostname="DESKTOP-25A8PDA" failures="0" tests="1" name="negativeTestCases.VerifyTotalPriceOfRoomInBookaHotelPage" time="14.710" errors="0" timestamp="2024-04-09T23:10:14 IST" skipped="0">
  <testcase classname="negativeTestCases.VerifyTotalPriceOfRoomInBookaHotelPage" name="TC_110" time="14.710"/>
</testsuite> <!-- negativeTestCases.VerifyTotalPriceOfRoomInBookaHotelPage -->
