<?xml version="1.0" encoding="UTF-8"?>
<!-- Generated by org.testng.reporters.JUnitReportReporter -->
<testsuite hostname="DESKTOP-25A8PDA" failures="0" tests="1" name="testScripts.KeywordDriven_Login" time="47.245" errors="0" timestamp="2024-03-28T17:07:48 IST" skipped="0">
  <testcase classname="testScripts.KeywordDriven_Login" name="start" time="47.245"/>
</testsuite> <!-- testScripts.KeywordDriven_Login -->
