<?xml version="1.0" encoding="UTF-8"?>
<!-- Generated by org.testng.reporters.JUnitReportReporter -->
<testsuite hostname="DESKTOP-25A8PDA" failures="0" tests="1" name="regressionTest.AttributeValue" time="14.103" errors="0" timestamp="2024-04-04T16:47:49 IST" skipped="0">
  <testcase classname="regressionTest.AttributeValue" name="loginwithvalid" time="14.103"/>
</testsuite> <!-- regressionTest.AttributeValue -->
