<?xml version="1.0" encoding="UTF-8"?>
<!-- Generated by org.testng.reporters.JUnitReportReporter -->
<testsuite hostname="DESKTOP-25A8PDA" failures="0" tests="1" name="regressionTestCases2.sample" time="13.077" errors="0" timestamp="2024-04-07T05:51:29 IST" skipped="0">
  <testcase classname="regressionTestCases2.sample" name="sample2" time="13.077"/>
</testsuite> <!-- regressionTestCases2.sample -->
