<?xml version="1.0" encoding="UTF-8"?>
<!-- Generated by org.testng.reporters.JUnitReportReporter -->
<testsuite hostname="DESKTOP-25A8PDA" failures="0" tests="2" name="regressionTestCases2.Generate_OrderId" time="119.110" errors="0" timestamp="2024-04-10T23:26:00 IST" skipped="0">
  <testcase classname="regressionTestCases2.Generate_OrderId" name="TC_117" time="42.531"/>
  <testcase classname="regressionTestCases2.Generate_OrderId" name="Tc_114" time="76.579"/>
</testsuite> <!-- regressionTestCases2.Generate_OrderId -->
