<?xml version="1.0" encoding="UTF-8"?>
<!-- Generated by org.testng.reporters.JUnitReportReporter -->
<testsuite hostname="DESKTOP-25A8PDA" failures="0" tests="1" name="regressionTestCases2.ToVerifyThatTheOrderGetsCancelledafterclickonCancelOrderNumberLink" time="29.861" errors="0" timestamp="2024-04-10T16:45:55 IST" skipped="0">
  <testcase classname="regressionTestCases2.ToVerifyThatTheOrderGetsCancelledafterclickonCancelOrderNumberLink" name="TC_118" time="29.861"/>
</testsuite> <!-- regressionTestCases2.ToVerifyThatTheOrderGetsCancelledafterclickonCancelOrderNumberLink -->
