<?xml version="1.0" encoding="UTF-8"?>
<!-- Generated by org.testng.reporters.JUnitReportReporter -->
<testsuite hostname="DESKTOP-25A8PDA" failures="0" tests="1" name="testScripts.Login_with_Excel" time="17.551" errors="0" timestamp="2024-03-28T10:12:44 IST" skipped="0">
  <testcase classname="testScripts.Login_with_Excel" name="start" time="17.551"/>
</testsuite> <!-- testScripts.Login_with_Excel -->
